<?xml version="1.0" encoding="UTF-8"?>
<!-- Generated by org.testng.reporters.JUnitXMLReporter -->
<testsuite hostname="FCPC" ignored="0" name="Test" tests="3" failures="0" timestamp="13 May 2018 17:31:00 GMT" time="166.187" errors="0">
  <testcase name="verifyAddToCartForUnauthneticatedUser" time="14.806" classname="com.pom.automation.brabblerPro.homePage.TC003_verifyAddToCartForUnauthneticatedUser"/>
  <testcase name="VerifyLoginWithInvalidCredentials" time="7.303" classname="com.pom.automation.brabblerPro.homePage.TC001_VerifyLoginWithInvalidCredentials"/>
  <testcase name="verifyingRegistration" time="80.181" classname="com.pom.automation.brabblerPro.homePage.TC002_verifyRegistrationProcess"/>
</testsuite> <!-- Test -->
