<?xml version="1.0" encoding="UTF-8"?>
<testng-results skipped="0" failed="0" ignored="0" total="1" passed="1">
  <reporter-output>
    <line>
      <![CDATA[<a href='C:\Users\User\workspace\brabblerPro\src\main\java\com\test\automation\uiAutomation\screenshot\verifyBackNavigation_13_05_2018_11_02_58.png'> <img src='C:\Users\User\workspace\brabblerPro\src\main\java\com\test\automation\uiAutomation\screenshot\verifyBackNavigation_13_05_2018_11_02_58.png' height='120' width='120'/> </a>]]>
    </line>
  </reporter-output>
  <suite name="Default suite" duration-ms="214287" started-at="2018-05-13T20:59:25Z" finished-at="2018-05-13T21:02:59Z">
    <groups>
    </groups>
    <test name="Default test" duration-ms="214287" started-at="2018-05-13T20:59:25Z" finished-at="2018-05-13T21:02:59Z">
      <class name="com.pom.automation.brabblerPro.myAccountPage.TC001_verifyBackNavigation">
        <test-method status="PASS" signature="setUp()[pri:0, instance:com.pom.automation.brabblerPro.myAccountPage.TC001_verifyBackNavigation@3c0ecd4b]" name="setUp" is-config="true" duration-ms="16324" started-at="2018-05-13T22:59:25Z" finished-at="2018-05-13T22:59:41Z">
          <reporter-output>
          </reporter-output>
        </test-method> <!-- setUp -->
        <test-method status="PASS" signature="verifyBackNavigation()[pri:0, instance:com.pom.automation.brabblerPro.myAccountPage.TC001_verifyBackNavigation@3c0ecd4b]" name="verifyBackNavigation" duration-ms="197890" started-at="2018-05-13T22:59:41Z" finished-at="2018-05-13T23:02:59Z">
          <reporter-output>
            <line>
              <![CDATA[<a href='C:\Users\User\workspace\brabblerPro\src\main\java\com\test\automation\uiAutomation\screenshot\verifyBackNavigation_13_05_2018_11_02_58.png'> <img src='C:\Users\User\workspace\brabblerPro\src\main\java\com\test\automation\uiAutomation\screenshot\verifyBackNavigation_13_05_2018_11_02_58.png' height='120' width='120'/> </a>]]>
            </line>
          </reporter-output>
        </test-method> <!-- verifyBackNavigation -->
      </class> <!-- com.pom.automation.brabblerPro.myAccountPage.TC001_verifyBackNavigation -->
    </test> <!-- Default test -->
  </suite> <!-- Default suite -->
</testng-results>
